shuttle.0001
shuttle.0002
xwing.0001
bwing.0001
awing.0001
ywing.0001
victory.0001
destroyer.0001
tie.0001
interceptor.0001
bomber.0001
advanced.0001
defender.0001
gunboat.0001
missileboat.0001
corvette.0001
dreadnaught.0001
calamari.0001
assault.shuttle.0001
corelliantrans.0001
transport.0001
freighter.0001
coruscant.shipyard
byss.shipyard
ta02
ta03
ta04
ta05
xw02
xw03
xw04
xw05
serin.pluogus
bw02
bw03
bw04
bw05
bw06
bw07
bw08
bw09
bw10
z95csa0
z95csa1
z95csa2
z95csa3
z95csa4
z95csa5
z95csa6
z95csa7
z95csa8
z95csa9
TImm01
TImm02
XWmm01
XWmm02
tfm01
tfm02
tfm03
ywmm01
ywmm02
ywmm03
r41aa0
r41aa1
r41aa2
r41aa3
r41aa4
r41aa5
r41aa6
r41aa7
r41aa8
r41aa9
tw00
tw01
tw02
tw03
tw04
tw05
tw06
tw07
tw08
tw09
z95mmA
z95mmB
z95mmC
z95mmD
z95mmE
z95mmG
z95mmG
z95mmH
z95mmI
z95mmJ
z95mmK
z95mmL
32210
32213
32216
32219
32222
32225
32228
32231
32234
32237
turbocar.menar1.coruscant
coruscant.ferry
gunboat.32240
gunboat.32241
gunboat.32242
gunboat.32243
gunboat.32244
gunboat.32245
gunboat.32246
gunboat.32247
gunboat.32248
gunboat.32249
senate.shuttle
fast.attack.32150
fast.attack.32160
fast.attack.32170
fast.attack.32180
as32300
as32310
as32320
as32330
as32340
as32375
as32385
as32395
old.32400
old.32401
serin.tocca
speeder.30000
the.raider
slave.I
slave.II
30001
30002
30003
30004
30005
30006
30007
30008
30009
barricade_runner
yv-2400
mc90
z6788
e6794
z6799
z6789
z6790
z6791
z6792
z6793
e6795
e6796
e6797
e6798
z100mma
z100mmab
z100mmac
x-56ty7
space.mall
z6010
z6011
z6012
z6013
z6014
z6015
z6016
z6017
z6018
z6019
z6020
z6021
z6022
z6023
z6024
z6025
z6026
z6027
z6028
z6029
6030
6031
6032
6033
6034
6035
6036
6037
6038
6039
6040
6041
6042
6043
6044
6045
6046
6047
6048
6049
z6050
skipray
1
$
